====================================================
DS PIPELINE EXECUTING:  2026-02-15 14:58:39.296573 
====================================================

--- Session Details ---
R Version:  R version 4.5.2 (2025-10-31) 
{sdtm.oak} Version:  0.2.0 
{dplyr} Version:  1.1.4 
-----------------------

[INFO] Raw data loaded. Total records: 850 
[INFO] Unique subjects detected: 306 

--- Quality Control Status ---
[QC] Missing USUBJIDs:  0 
[QC] Duplicate Sequence Keys:  0 
[QC] OVERALL STATUS: PASS
------------------------------

Final Output Subject Count:  306 
Final Output Record Count:   850 
====================================================
PIPELINE COMPLETED:  2026-02-15 14:58:39.937701 
====================================================
